<?xml version="1.0" encoding="UTF-8"?>
<!-- Generated by org.testng.reporters.JUnitReportReporter -->
<testsuite skipped="0" hostname="User-PC" name="RaviKanthLella.PrintingLinks" tests="1" failures="0" timestamp="09 Dec 2018 04:06:50 GMT" time="0.110" errors="0">
  <testcase name="m1" time="0.110" classname="RaviKanthLella.PrintingLinks"/>
</testsuite> <!-- RaviKanthLella.PrintingLinks -->
