<?xml version="1.0" encoding="UTF-8"?>
<!-- Generated by org.testng.reporters.JUnitReportReporter -->
<testsuite skipped="0" hostname="User-PC" name="TestNGEx.prog2" tests="3" failures="0" timestamp="26 Sep 2018 14:39:48 GMT" time="0.012" errors="0">
  <testcase name="logout" time="0.002" classname="TestNGEx.prog2"/>
  <testcase name="search" time="0.003" classname="TestNGEx.prog2"/>
  <testcase name="login" time="0.007" classname="TestNGEx.prog2"/>
</testsuite> <!-- TestNGEx.prog2 -->
