<?xml version="1.0" encoding="UTF-8"?>
<!-- Generated by org.testng.reporters.JUnitReportReporter -->
<testsuite skipped="0" hostname="User-PC" name="TestNGEx.Prog1" tests="1" failures="0" timestamp="26 Sep 2018 22:36:46 GMT" time="0.030" errors="0">
  <testcase name="m1" time="0.030" classname="TestNGEx.Prog1"/>
</testsuite> <!-- TestNGEx.Prog1 -->
