<?xml version="1.0" encoding="UTF-8"?>
<!-- Generated by org.testng.reporters.JUnitReportReporter -->
<testsuite skipped="0" hostname="User-PC" name="DDT.Actions1" tests="1" failures="0" timestamp="10 Dec 2018 15:57:20 GMT" time="15.680" errors="0">
  <testcase name="openBrowser" time="15.680" classname="DDT.Actions1"/>
</testsuite> <!-- DDT.Actions1 -->
