<?xml version="1.0" encoding="UTF-8"?>
<!-- Generated by org.testng.reporters.JUnitReportReporter -->
<testsuite skipped="0" hostname="User-PC" name="TestNGEx.FBPage" tests="1" failures="0" timestamp="26 Sep 2018 22:36:46 GMT" time="7.398" errors="0">
  <testcase name="verifytest" time="7.398" classname="TestNGEx.FBPage"/>
</testsuite> <!-- TestNGEx.FBPage -->
