<?xml version="1.0" encoding="UTF-8"?>
<!-- Generated by org.testng.reporters.JUnitReportReporter -->
<testsuite skipped="0" hostname="User-PC" name="DDT.Screenshot" tests="1" failures="0" timestamp="23 Sep 2018 02:36:18 GMT" time="13.954" errors="0">
  <testcase name="login" time="13.954" classname="DDT.Screenshot"/>
</testsuite> <!-- DDT.Screenshot -->
