<?xml version="1.0" encoding="UTF-8"?>
<!-- Generated by org.testng.reporters.JUnitReportReporter -->
<testsuite skipped="0" hostname="User-PC" name="TestNGEx.IETest" tests="1" failures="0" timestamp="28 Sep 2018 04:18:46 GMT" time="63.462" errors="0">
  <testcase name="login" time="63.462" classname="TestNGEx.IETest"/>
</testsuite> <!-- TestNGEx.IETest -->
