<?xml version="1.0" encoding="UTF-8"?>
<!-- Generated by org.testng.reporters.JUnitReportReporter -->
<testsuite skipped="0" hostname="User-PC" name="TestNGEx.Prog11" tests="1" failures="0" timestamp="26 Sep 2018 22:36:46 GMT" time="0.003" errors="0">
  <testcase name="m2" time="0.003" classname="TestNGEx.Prog11"/>
</testsuite> <!-- TestNGEx.Prog11 -->
