<?xml version="1.0" encoding="UTF-8"?>
<!-- Generated by org.testng.reporters.JUnitReportReporter -->
<testsuite skipped="0" hostname="User-PC" name="TestNGEx.prog3" tests="10" failures="0" timestamp="26 Sep 2018 14:39:48 GMT" time="0.072" errors="0">
  <testcase name="m2" time="0.012" classname="TestNGEx.prog3"/>
  <testcase name="m2" time="0.002" classname="TestNGEx.prog3"/>
  <testcase name="m2" time="0.002" classname="TestNGEx.prog3"/>
  <testcase name="m2" time="0.001" classname="TestNGEx.prog3"/>
  <testcase name="m2" time="0.002" classname="TestNGEx.prog3"/>
  <testcase name="m2" time="0.033" classname="TestNGEx.prog3"/>
  <testcase name="m2" time="0.001" classname="TestNGEx.prog3"/>
  <testcase name="m2" time="0.010" classname="TestNGEx.prog3"/>
  <testcase name="m2" time="0.002" classname="TestNGEx.prog3"/>
  <testcase name="m2" time="0.007" classname="TestNGEx.prog3"/>
</testsuite> <!-- TestNGEx.prog3 -->
